0 info it worked if it ends with ok
1 verbose cli [ '/usr/bin/nodejs',
1 verbose cli   '/usr/bin/npm',
1 verbose cli   'install',
1 verbose cli   '-g',
1 verbose cli   'angular-ui-router' ]
2 info using npm@2.15.9
3 info using node@v4.5.0
4 verbose install initial load of /usr/lib/package.json
5 verbose readDependencies loading dependencies from /usr/lib/package.json
6 silly cache add args [ 'angular-ui-router', null ]
7 verbose cache add spec angular-ui-router
8 silly cache add parsed spec Result {
8 silly cache add   raw: 'angular-ui-router',
8 silly cache add   scope: null,
8 silly cache add   name: 'angular-ui-router',
8 silly cache add   rawSpec: '',
8 silly cache add   spec: 'latest',
8 silly cache add   type: 'tag' }
9 silly addNamed angular-ui-router@latest
10 verbose addNamed "latest" is being treated as a dist-tag for angular-ui-router
11 info addNameTag [ 'angular-ui-router', 'latest' ]
12 silly mapToRegistry name angular-ui-router
13 silly mapToRegistry using default registry
14 silly mapToRegistry registry https://registry.npmjs.org/
15 silly mapToRegistry data Result {
15 silly mapToRegistry   raw: 'angular-ui-router',
15 silly mapToRegistry   scope: null,
15 silly mapToRegistry   name: 'angular-ui-router',
15 silly mapToRegistry   rawSpec: '',
15 silly mapToRegistry   spec: 'latest',
15 silly mapToRegistry   type: 'tag' }
16 silly mapToRegistry uri https://registry.npmjs.org/angular-ui-router
17 verbose addNameTag registry:https://registry.npmjs.org/angular-ui-router not in flight; fetching
18 verbose request uri https://registry.npmjs.org/angular-ui-router
19 verbose request no auth needed
20 info attempt registry request try #1 at 3:34:49 PM
21 verbose request id a85f729b70089c3b
22 verbose etag "B5YFMUNP3LLJJULNQX3VFU4CK"
23 http request GET https://registry.npmjs.org/angular-ui-router
24 http 304 https://registry.npmjs.org/angular-ui-router
25 verbose headers { date: 'Thu, 25 Aug 2016 18:34:50 GMT',
25 verbose headers   via: '1.1 varnish',
25 verbose headers   'cache-control': 'max-age=300',
25 verbose headers   etag: '"B5YFMUNP3LLJJULNQX3VFU4CK"',
25 verbose headers   age: '103',
25 verbose headers   connection: 'keep-alive',
25 verbose headers   'x-served-by': 'cache-atl6238-ATL',
25 verbose headers   'x-cache': 'HIT',
25 verbose headers   'x-cache-hits': '1',
25 verbose headers   'x-timer': 'S1472150090.231685,VS0,VE0',
25 verbose headers   vary: 'Accept-Encoding' }
26 silly get cb [ 304,
26 silly get   { date: 'Thu, 25 Aug 2016 18:34:50 GMT',
26 silly get     via: '1.1 varnish',
26 silly get     'cache-control': 'max-age=300',
26 silly get     etag: '"B5YFMUNP3LLJJULNQX3VFU4CK"',
26 silly get     age: '103',
26 silly get     connection: 'keep-alive',
26 silly get     'x-served-by': 'cache-atl6238-ATL',
26 silly get     'x-cache': 'HIT',
26 silly get     'x-cache-hits': '1',
26 silly get     'x-timer': 'S1472150090.231685,VS0,VE0',
26 silly get     vary: 'Accept-Encoding' } ]
27 verbose etag https://registry.npmjs.org/angular-ui-router from cache
28 verbose get saving angular-ui-router to /home/danielmoraes/.npm/registry.npmjs.org/angular-ui-router/.cache.json
29 verbose correctMkdir /home/danielmoraes/.npm correctMkdir not in flight; initializing
30 silly addNameTag next cb for angular-ui-router with tag latest
31 silly addNamed angular-ui-router@0.3.1
32 verbose addNamed "0.3.1" is a plain semver version for angular-ui-router
33 silly cache afterAdd angular-ui-router@0.3.1
34 verbose afterAdd /home/danielmoraes/.npm/angular-ui-router/0.3.1/package/package.json not in flight; writing
35 verbose correctMkdir /home/danielmoraes/.npm correctMkdir not in flight; initializing
36 verbose afterAdd /home/danielmoraes/.npm/angular-ui-router/0.3.1/package/package.json written
37 silly install resolved [ { name: 'angular-ui-router',
37 silly install resolved     description: 'State-based routing for AngularJS',
37 silly install resolved     version: '0.3.1',
37 silly install resolved     homepage: 'http://angular-ui.github.com/',
37 silly install resolved     contributors: [ [Object], [Object], [Object], [Object] ],
37 silly install resolved     maintainers: [ [Object], [Object], [Object] ],
37 silly install resolved     repository:
37 silly install resolved      { type: 'git',
37 silly install resolved        url: 'git+https://github.com/angular-ui/ui-router.git' },
37 silly install resolved     bugs: { url: 'https://github.com/angular-ui/ui-router/issues' },
37 silly install resolved     license: 'MIT',
37 silly install resolved     licenses: [ [Object] ],
37 silly install resolved     dependencies: { angular: '^1.0.8' },
37 silly install resolved     devDependencies:
37 silly install resolved      { 'faithful-exec': '~0.1.0',
37 silly install resolved        grunt: '~0.4.1',
37 silly install resolved        'grunt-contrib-clean': '~0.5.0',
37 silly install resolved        'grunt-contrib-concat': '~0.3.0',
37 silly install resolved        'grunt-contrib-connect': '~0.7.1',
37 silly install resolved        'grunt-contrib-jshint': '~0.8.0',
37 silly install resolved        'grunt-contrib-uglify': '~0.4.0',
37 silly install resolved        'grunt-contrib-watch': '~0.5.3',
37 silly install resolved        'grunt-conventional-changelog': '~1.1.0',
37 silly install resolved        'grunt-karma': '~0.6.2',
37 silly install resolved        'grunt-ngdocs': '~0.2.5',
37 silly install resolved        karma: '~0.10.4',
37 silly install resolved        'karma-chrome-launcher': '~0.1.0',
37 silly install resolved        'karma-coffee-preprocessor': '~0.1.0',
37 silly install resolved        'karma-firefox-launcher': '~0.1.0',
37 silly install resolved        'karma-html2js-preprocessor': '~0.1.0',
37 silly install resolved        'karma-jasmine': '~0.1.3',
37 silly install resolved        'karma-phantomjs-launcher': '~0.1.0',
37 silly install resolved        'karma-requirejs': '~0.2.0',
37 silly install resolved        'karma-script-launcher': '~0.1.0',
37 silly install resolved        'load-grunt-tasks': '~0.4.0',
37 silly install resolved        'phantomjs-polyfill': '0.0.1',
37 silly install resolved        requirejs: '^2.1.22',
37 silly install resolved        shelljs: '~0.2.6' },
37 silly install resolved     main: 'release/angular-ui-router.js',
37 silly install resolved     gitHead: '6ac1c61991121f5324f99089003314bba3bc6a95',
37 silly install resolved     _id: 'angular-ui-router@0.3.1',
37 silly install resolved     scripts: {},
37 silly install resolved     _shasum: '914678eeeb4545defc786cf12d0d1994246a3e8a',
37 silly install resolved     _from: 'angular-ui-router@latest',
37 silly install resolved     _npmVersion: '3.8.5',
37 silly install resolved     _nodeVersion: '5.4.0',
37 silly install resolved     _npmUser:
37 silly install resolved      { name: 'christopherthielen',
37 silly install resolved        email: 'christopherthielen@ikkyikkyikkypikangzoopboing.com' },
37 silly install resolved     dist:
37 silly install resolved      { shasum: '914678eeeb4545defc786cf12d0d1994246a3e8a',
37 silly install resolved        tarball: 'https://registry.npmjs.org/angular-ui-router/-/angular-ui-router-0.3.1.tgz' },
37 silly install resolved     _npmOperationalInternal:
37 silly install resolved      { host: 'packages-16-east.internal.npmjs.com',
37 silly install resolved        tmp: 'tmp/angular-ui-router-0.3.1.tgz_1464987915784_0.7359193146694452' },
37 silly install resolved     directories: {},
37 silly install resolved     _resolved: 'https://registry.npmjs.org/angular-ui-router/-/angular-ui-router-0.3.1.tgz',
37 silly install resolved     readme: 'ERROR: No README data found!' } ]
38 info install angular-ui-router@0.3.1 into /usr/lib
39 info installOne angular-ui-router@0.3.1
40 verbose installOne of angular-ui-router to /usr/lib not in flight; installing
41 verbose correctMkdir /home/danielmoraes/.npm/_locks correctMkdir not in flight; initializing
42 verbose lock using /home/danielmoraes/.npm/_locks/angular-ui-router-f171b6b8a73f1d74.lock for /usr/lib/node_modules/angular-ui-router
43 silly install write writing angular-ui-router 0.3.1 to /usr/lib/node_modules/angular-ui-router
44 verbose unbuild lib/node_modules/angular-ui-router
45 silly gentlyRm /usr/lib/node_modules/angular-ui-router is being purged from base /usr
46 verbose gentlyRm don't care about contents; nuking /usr/lib/node_modules/angular-ui-router
47 verbose tar unpack /home/danielmoraes/.npm/angular-ui-router/0.3.1/package.tgz
48 verbose tar unpacking to /usr/lib/node_modules/angular-ui-router
49 silly gentlyRm /usr/lib/node_modules/angular-ui-router is being purged
50 verbose gentlyRm don't care about contents; nuking /usr/lib/node_modules/angular-ui-router
51 silly gunzTarPerm modes [ '775', '664' ]
52 error tar.unpack untar error /home/danielmoraes/.npm/angular-ui-router/0.3.1/package.tgz
53 verbose unlock done using /home/danielmoraes/.npm/_locks/angular-ui-router-f171b6b8a73f1d74.lock for /usr/lib/node_modules/angular-ui-router
54 verbose fstream_path /usr/lib/node_modules/angular-ui-router
55 verbose fstream_type Directory
56 verbose fstream_class DirWriter
57 verbose stack Error: EACCES: permission denied, mkdir '/usr/lib/node_modules/angular-ui-router'
57 verbose stack     at Error (native)
58 verbose fstream_stack /usr/lib/node_modules/npm/node_modules/fstream/lib/dir-writer.js:35:25
58 verbose fstream_stack /usr/lib/node_modules/npm/node_modules/mkdirp/index.js:47:53
58 verbose fstream_stack FSReqWrap.oncomplete (fs.js:82:15)
59 verbose cwd /home/danielmoraes/workspace/b2w-stock-admin/stock-admin
60 error Linux 3.13.0-93-generic
61 error argv "/usr/bin/nodejs" "/usr/bin/npm" "install" "-g" "angular-ui-router"
62 error node v4.5.0
63 error npm  v2.15.9
64 error path /usr/lib/node_modules/angular-ui-router
65 error code EACCES
66 error errno -13
67 error syscall mkdir
68 error Error: EACCES: permission denied, mkdir '/usr/lib/node_modules/angular-ui-router'
68 error     at Error (native)
68 error  { [Error: EACCES: permission denied, mkdir '/usr/lib/node_modules/angular-ui-router']
68 error   errno: -13,
68 error   code: 'EACCES',
68 error   syscall: 'mkdir',
68 error   path: '/usr/lib/node_modules/angular-ui-router',
68 error   fstream_type: 'Directory',
68 error   fstream_path: '/usr/lib/node_modules/angular-ui-router',
68 error   fstream_class: 'DirWriter',
68 error   fstream_stack:
68 error    [ '/usr/lib/node_modules/npm/node_modules/fstream/lib/dir-writer.js:35:25',
68 error      '/usr/lib/node_modules/npm/node_modules/mkdirp/index.js:47:53',
68 error      'FSReqWrap.oncomplete (fs.js:82:15)' ] }
69 error Please try running this command again as root/Administrator.
70 verbose exit [ -13, true ]
71 verbose unbuild lib/node_modules/angular-ui-router
72 silly gentlyRm /usr/lib/node_modules/angular-ui-router is being purged from base /usr
73 verbose gentlyRm don't care about contents; nuking /usr/lib/node_modules/angular-ui-router
